<?xml version="1.0" encoding="UTF-8"?>
<!-- Generated by org.testng.reporters.JUnitXMLReporter -->
<testsuite ignored="0" hostname="ZOMKER" failures="0" tests="3" name="testProductsShopping" time="58.66" errors="0" timestamp="2022-08-10T12:21:02 EEST">
  <testcase classname="com.app.productsTests.ProductsTest" name="validateFilteringTest" time="13.191"/>
  <testcase classname="com.app.productsTests.ProductsTest" name="validateSortingTest" time="9.714"/>
  <testcase classname="com.app.productsTests.ProductsTest" name="validateViewTest" time="0.162"/>
</testsuite> <!-- testProductsShopping -->
