<?xml version="1.0" encoding="UTF-8"?>
<testng-results ignored="0" total="3" passed="3" failed="0" skipped="0">
  <reporter-output>
  </reporter-output>
  <suite started-at="2022-08-10T12:20:04 EEST" name="app" finished-at="2022-08-10T12:21:02 EEST" duration-ms="58660">
    <groups>
    </groups>
    <test started-at="2022-08-10T12:20:04 EEST" name="testProductsShopping" finished-at="2022-08-10T12:21:02 EEST" duration-ms="58660">
      <class name="com.app.productsTests.ProductsTest">
        <test-method is-config="true" signature="setup()[pri:0, instance:com.app.productsTests.ProductsTest@619713e5]" started-at="2022-08-10T12:20:04 EEST" name="setup" finished-at="2022-08-10T12:20:34 EEST" duration-ms="30480" status="PASS">
          <reporter-output>
          </reporter-output>
        </test-method> <!-- setup -->
        <test-method is-config="true" signature="updatesBefore()[pri:0, instance:com.app.productsTests.ProductsTest@619713e5]" started-at="2022-08-10T12:20:34 EEST" name="updatesBefore" finished-at="2022-08-10T12:20:34 EEST" duration-ms="2" status="PASS">
          <reporter-output>
          </reporter-output>
        </test-method> <!-- updatesBefore -->
        <test-method signature="validateFilteringTest()[pri:0, instance:com.app.productsTests.ProductsTest@619713e5]" started-at="2022-08-10T12:20:34 EEST" name="validateFilteringTest" finished-at="2022-08-10T12:20:47 EEST" duration-ms="13191" status="PASS">
          <reporter-output>
          </reporter-output>
        </test-method> <!-- validateFilteringTest -->
        <test-method is-config="true" signature="updatesAfter()[pri:0, instance:com.app.productsTests.ProductsTest@619713e5]" started-at="2022-08-10T12:20:47 EEST" name="updatesAfter" finished-at="2022-08-10T12:20:47 EEST" duration-ms="1" status="PASS">
          <reporter-output>
          </reporter-output>
        </test-method> <!-- updatesAfter -->
        <test-method is-config="true" signature="updatesBefore()[pri:0, instance:com.app.productsTests.ProductsTest@619713e5]" started-at="2022-08-10T12:20:47 EEST" name="updatesBefore" finished-at="2022-08-10T12:20:47 EEST" duration-ms="1" status="PASS">
          <reporter-output>
          </reporter-output>
        </test-method> <!-- updatesBefore -->
        <test-method signature="validateSortingTest()[pri:0, instance:com.app.productsTests.ProductsTest@619713e5]" started-at="2022-08-10T12:20:47 EEST" name="validateSortingTest" finished-at="2022-08-10T12:20:57 EEST" duration-ms="9714" status="PASS">
          <reporter-output>
          </reporter-output>
        </test-method> <!-- validateSortingTest -->
        <test-method is-config="true" signature="updatesAfter()[pri:0, instance:com.app.productsTests.ProductsTest@619713e5]" started-at="2022-08-10T12:20:57 EEST" name="updatesAfter" finished-at="2022-08-10T12:20:57 EEST" duration-ms="1" status="PASS">
          <reporter-output>
          </reporter-output>
        </test-method> <!-- updatesAfter -->
        <test-method is-config="true" signature="updatesBefore()[pri:0, instance:com.app.productsTests.ProductsTest@619713e5]" started-at="2022-08-10T12:20:57 EEST" name="updatesBefore" finished-at="2022-08-10T12:20:57 EEST" duration-ms="1" status="PASS">
          <reporter-output>
          </reporter-output>
        </test-method> <!-- updatesBefore -->
        <test-method signature="validateViewTest()[pri:0, instance:com.app.productsTests.ProductsTest@619713e5]" started-at="2022-08-10T12:20:57 EEST" name="validateViewTest" finished-at="2022-08-10T12:20:57 EEST" duration-ms="162" status="PASS">
          <reporter-output>
          </reporter-output>
        </test-method> <!-- validateViewTest -->
        <test-method is-config="true" signature="updatesAfter()[pri:0, instance:com.app.productsTests.ProductsTest@619713e5]" started-at="2022-08-10T12:20:57 EEST" name="updatesAfter" finished-at="2022-08-10T12:20:57 EEST" duration-ms="1" status="PASS">
          <reporter-output>
          </reporter-output>
        </test-method> <!-- updatesAfter -->
        <test-method is-config="true" signature="teardown()[pri:0, instance:com.app.productsTests.ProductsTest@619713e5]" started-at="2022-08-10T12:20:57 EEST" name="teardown" finished-at="2022-08-10T12:21:02 EEST" duration-ms="5017" status="PASS">
          <reporter-output>
          </reporter-output>
        </test-method> <!-- teardown -->
      </class> <!-- com.app.productsTests.ProductsTest -->
    </test> <!-- testProductsShopping -->
  </suite> <!-- app -->
</testng-results>
